TN:
SF:src/modules/appointments/services/CreateAppointmentService.ts
FN:17,(anonymous_18)
FN:18,CreateAppointmentService
FN:23,(anonymous_20)
FNF:3
FNH:3
FNDA:1,(anonymous_18)
FNDA:2,CreateAppointmentService
FNDA:3,(anonymous_20)
DA:1,1
DA:2,1
DA:4,1
DA:17,1
DA:20,2
DA:23,1
DA:24,3
DA:25,3
DA:27,3
DA:29,3
DA:33,3
DA:34,1
DA:37,2
DA:42,2
DA:44,1
DA:46,1
LF:16
LH:16
BRDA:33,0,0,1
BRDA:33,0,1,2
BRF:2
BRH:2
end_of_record
TN:
SF:src/modules/users/services/AuthenticateUserService.ts
FN:23,(anonymous_18)
FN:24,AuthenticateUserService
FN:32,(anonymous_20)
FNF:3
FNH:3
FNDA:1,(anonymous_18)
FNDA:3,AuthenticateUserService
FNDA:3,(anonymous_20)
DA:1,1
DA:2,1
DA:3,1
DA:5,1
DA:23,1
DA:26,3
DA:29,3
DA:32,1
DA:33,3
DA:34,3
DA:37,3
DA:39,3
DA:40,1
DA:44,2
DA:49,2
DA:50,1
DA:54,1
DA:55,1
DA:60,1
DA:62,1
DA:64,1
LF:21
LH:21
BRDA:37,0,0,3
BRDA:39,1,0,1
BRDA:39,1,1,2
BRDA:49,2,0,1
BRDA:49,2,1,1
BRF:5
BRH:5
end_of_record
TN:
SF:src/modules/users/services/CreateUserService.ts
FN:16,(anonymous_18)
FN:17,CreateUserService
FN:25,(anonymous_20)
FNF:3
FNH:3
FNDA:2,(anonymous_18)
FNDA:4,CreateUserService
FNDA:5,(anonymous_20)
DA:1,2
DA:2,2
DA:16,2
DA:19,4
DA:22,4
DA:25,5
DA:27,5
DA:29,5
DA:30,1
DA:33,4
DA:36,4
DA:42,4
DA:44,2
DA:46,2
LF:14
LH:14
BRDA:27,0,0,5
BRDA:29,1,0,1
BRDA:29,1,1,4
BRF:3
BRH:3
end_of_record
TN:
SF:src/modules/users/services/UpdateUserAvatarService.ts
FN:18,(anonymous_18)
FN:19,UpadateUserAvatarService
FN:27,(anonymous_20)
FNF:3
FNH:3
FNDA:1,(anonymous_18)
FNDA:3,UpadateUserAvatarService
FNDA:4,(anonymous_20)
DA:4,1
DA:6,1
DA:18,1
DA:21,3
DA:24,3
DA:27,1
DA:28,4
DA:29,4
DA:32,4
DA:34,4
DA:35,1
DA:39,5
DA:40,2
DA:43,3
DA:45,3
DA:47,6
DA:49,3
DA:51,1
DA:53,1
LF:19
LH:19
BRDA:32,0,0,4
BRDA:32,0,1,3
BRDA:34,1,0,1
BRDA:34,1,1,3
BRDA:39,2,0,2
BRDA:39,2,1,1
BRF:6
BRH:6
end_of_record
